AH00558: apache2: Could not reliably determine the server's fully qualified domain name, using 172.18.0.4. Set the 'ServerName' directive globally to suppress this message
[Wed Feb 28 18:49:35.342288 2024] [mpm_prefork:notice] [pid 1] AH00163: Apache/2.4.38 (Debian) PHP/8.0.19 OpenSSL/1.1.1n configured -- resuming normal operations
[Wed Feb 28 18:49:35.342372 2024] [core:notice] [pid 1] AH00094: Command line: 'apache2 -D FOREGROUND'
[Wed Feb 28 18:52:48.950909 2024] [mpm_prefork:notice] [pid 1] AH00170: caught SIGWINCH, shutting down gracefully
AH00558: apache2: Could not reliably determine the server's fully qualified domain name, using 172.19.0.5. Set the 'ServerName' directive globally to suppress this message
[Wed Feb 28 18:53:59.717652 2024] [mpm_prefork:notice] [pid 1] AH00163: Apache/2.4.38 (Debian) PHP/8.0.19 OpenSSL/1.1.1n configured -- resuming normal operations
[Wed Feb 28 18:53:59.717711 2024] [core:notice] [pid 1] AH00094: Command line: 'apache2 -D FOREGROUND'
[Wed Feb 28 18:54:08.756367 2024] [autoindex:error] [pid 17] [client 172.19.0.1:51272] AH01276: Cannot serve directory /var/www/html/: No matching DirectoryIndex (index.php,index.html) found, and server-generated directory index forbidden by Options directive
[Wed Feb 28 21:23:22.396242 2024] [mpm_prefork:notice] [pid 1] AH00170: caught SIGWINCH, shutting down gracefully
AH00558: apache2: Could not reliably determine the server's fully qualified domain name, using 172.20.0.4. Set the 'ServerName' directive globally to suppress this message
[Wed Feb 28 21:23:32.082754 2024] [mpm_prefork:notice] [pid 1] AH00163: Apache/2.4.38 (Debian) PHP/8.0.19 OpenSSL/1.1.1n configured -- resuming normal operations
[Wed Feb 28 21:23:32.082803 2024] [core:notice] [pid 1] AH00094: Command line: 'apache2 -D FOREGROUND'
[Wed Feb 28 21:24:36.447596 2024] [mpm_prefork:notice] [pid 1] AH00170: caught SIGWINCH, shutting down gracefully
AH00558: apache2: Could not reliably determine the server's fully qualified domain name, using 172.21.0.4. Set the 'ServerName' directive globally to suppress this message
[Wed Feb 28 21:24:48.729990 2024] [mpm_prefork:notice] [pid 1] AH00163: Apache/2.4.38 (Debian) PHP/8.0.19 OpenSSL/1.1.1n configured -- resuming normal operations
[Wed Feb 28 21:24:48.730042 2024] [core:notice] [pid 1] AH00094: Command line: 'apache2 -D FOREGROUND'
[Wed Feb 28 21:31:11.300351 2024] [mpm_prefork:notice] [pid 1] AH00170: caught SIGWINCH, shutting down gracefully
AH00558: apache2: Could not reliably determine the server's fully qualified domain name, using 172.18.0.4. Set the 'ServerName' directive globally to suppress this message
[Fri Mar 01 11:24:32.048193 2024] [mpm_prefork:notice] [pid 1] AH00163: Apache/2.4.57 (Debian) PHP/8.3.2 OpenSSL/3.0.11 configured -- resuming normal operations
[Fri Mar 01 11:24:32.048214 2024] [core:notice] [pid 1] AH00094: Command line: 'apache2 -D FOREGROUND'
[Fri Mar 01 13:10:31.460640 2024] [mpm_prefork:notice] [pid 1] AH00170: caught SIGWINCH, shutting down gracefully
AH00558: apache2: Could not reliably determine the server's fully qualified domain name, using 172.19.0.4. Set the 'ServerName' directive globally to suppress this message
[Fri Mar 01 13:12:44.091294 2024] [mpm_prefork:notice] [pid 1] AH00163: Apache/2.4.57 (Debian) PHP/8.3.2 OpenSSL/3.0.11 configured -- resuming normal operations
[Fri Mar 01 13:12:44.091333 2024] [core:notice] [pid 1] AH00094: Command line: 'apache2 -D FOREGROUND'
[Fri Mar 01 13:32:36.599054 2024] [mpm_prefork:notice] [pid 1] AH00170: caught SIGWINCH, shutting down gracefully
AH00558: apache2: Could not reliably determine the server's fully qualified domain name, using 172.19.0.4. Set the 'ServerName' directive globally to suppress this message
[Mon Mar 04 09:11:48.108809 2024] [mpm_prefork:notice] [pid 1] AH00163: Apache/2.4.57 (Debian) PHP/8.3.2 OpenSSL/3.0.11 configured -- resuming normal operations
[Mon Mar 04 09:11:48.108853 2024] [core:notice] [pid 1] AH00094: Command line: 'apache2 -D FOREGROUND'
[Mon Mar 04 11:33:31.178988 2024] [mpm_prefork:notice] [pid 1] AH00170: caught SIGWINCH, shutting down gracefully
AH00558: apache2: Could not reliably determine the server's fully qualified domain name, using 172.19.0.5. Set the 'ServerName' directive globally to suppress this message
[Mon Mar 04 11:40:36.249015 2024] [mpm_prefork:notice] [pid 1] AH00163: Apache/2.4.57 (Debian) PHP/8.3.2 OpenSSL/3.0.11 configured -- resuming normal operations
[Mon Mar 04 11:40:36.249052 2024] [core:notice] [pid 1] AH00094: Command line: 'apache2 -D FOREGROUND'
[Mon Mar 04 12:30:14.018278 2024] [mpm_prefork:notice] [pid 1] AH00170: caught SIGWINCH, shutting down gracefully
AH00558: apache2: Could not reliably determine the server's fully qualified domain name, using 172.19.0.5. Set the 'ServerName' directive globally to suppress this message
[Mon Mar 04 12:33:59.200038 2024] [mpm_prefork:notice] [pid 1] AH00163: Apache/2.4.57 (Debian) PHP/8.3.2 OpenSSL/3.0.11 configured -- resuming normal operations
[Mon Mar 04 12:33:59.200070 2024] [core:notice] [pid 1] AH00094: Command line: 'apache2 -D FOREGROUND'
[Mon Mar 04 13:17:24.169247 2024] [autoindex:error] [pid 22] [client 172.19.0.1:50658] AH01276: Cannot serve directory /var/www/html/: No matching DirectoryIndex (index.php,index.html) found, and server-generated directory index forbidden by Options directive
[Mon Mar 04 13:27:21.353466 2024] [mpm_prefork:notice] [pid 1] AH00170: caught SIGWINCH, shutting down gracefully
AH00558: apache2: Could not reliably determine the server's fully qualified domain name, using 172.19.0.3. Set the 'ServerName' directive globally to suppress this message
[Mon Mar 04 13:32:23.132444 2024] [mpm_prefork:notice] [pid 1] AH00163: Apache/2.4.57 (Debian) PHP/8.3.2 OpenSSL/3.0.11 configured -- resuming normal operations
[Mon Mar 04 13:32:23.132466 2024] [core:notice] [pid 1] AH00094: Command line: 'apache2 -D FOREGROUND'
[Mon Mar 04 13:47:51.607661 2024] [mpm_prefork:notice] [pid 1] AH00170: caught SIGWINCH, shutting down gracefully
